<?xml version="1.0" encoding="UTF-8" ?>
<testsuite tests="3" failures="0" name="ar.edu.unlam.tallerweb1.servicios.ServicioAlumnoTest" time="0.078" errors="0" skipped="0">
  <properties>
[...]
</properties>
  <testcase classname="ar.edu.unlam.tallerweb1.servicios.ServicioAlumnoTest" name="borrarAlumno" time="0.063"/>
  <testcase classname="ar.edu.unlam.tallerweb1.servicios.ServicioAlumnoTest" name="buscarAlumnoporId" time="0.015"/>
  <testcase classname="ar.edu.unlam.tallerweb1.servicios.ServicioAlumnoTest" name="registrarAlumno" time="0"/>
</testsuite>